date,data
23-06-2019 13:45:20,####BEGIN SCRIPT####
23-06-2019 13:45:20,PDOException: SQLSTATE[42000]: Syntax error or access violation: 1064 You have an error in your SQL syntax; check the manual that corresponds to your MySQL server version for the right syntax to use near ':media, :titre, :description, :date, :lien)' at line 2 in C:\wamp64-3.1.19\www\projects\belgoMedPol\BelgoMedPol\app\Scripts\php\RssScript.php:41
Stack trace:
#0 C:\wamp64-3.1.19\www\projects\belgoMedPol\BelgoMedPol\app\Scripts\php\RssScript.php(41): PDO->query('INSERT INTO art...')
#1 C:\wamp64-3.1.19\www\projects\belgoMedPol\BelgoMedPol\app\Scripts\php\RssScript.php(60): App\Scripts\php\RssScript->db('INSERT INTO art...')
#2 C:\wamp64-3.1.19\www\projects\belgoMedPol\BelgoMedPol\app\Console\Kernel.php(30): App\Scripts\php\RssScript->RssToDB()
#3 [internal function]: App\Console\Kernel->App\Console\{closure}()
#4 C:\wamp64-3.1.19\www\projects\belgoMedPol\BelgoMedPol\vendor\laravel\framework\src\Illuminate\Container\BoundMethod.php(29): call_user_func_array(Object(Closure), Array)
#5 C:\wamp64-3.1.19\www\projects\belgoMedPol\BelgoMedPol\vendor\laravel\framework\src\Illuminate\Container\BoundMethod.php(75): Illuminate\Container\BoundMethod::Illuminate\Container\{closure}()
#6 C:\wamp64-3.1.19\www\projects\belgoMedPol\BelgoMedPol\vendor\laravel\framework\src\Illuminate\Container\BoundMethod.php(31): Illuminate\Container\BoundMethod::callBoundMethod(Object(Illuminate\Foundation\Application), Object(Closure), Object(Closure))
#7 C:\wamp64-3.1.19\www\projects\belgoMedPol\BelgoMedPol\vendor\laravel\framework\src\Illuminate\Container\Container.php(549): Illuminate\Container\BoundMethod::call(Object(Illuminate\Foundation\Application), Object(Closure), Array, NULL)
#8 C:\wamp64-3.1.19\www\projects\belgoMedPol\BelgoMedPol\vendor\laravel\framework\src\Illuminate\Console\Scheduling\CallbackEvent.php(74): Illuminate\Container\Container->call(Object(Closure), Array)
#9 C:\wamp64-3.1.19\www\projects\belgoMedPol\BelgoMedPol\vendor\laravel\framework\src\Illuminate\Console\Scheduling\ScheduleRunCommand.php(59): Illuminate\Console\Scheduling\CallbackEvent->run(Object(Illuminate\Foundation\Application))
#10 [internal function]: Illuminate\Console\Scheduling\ScheduleRunCommand->handle()
#11 C:\wamp64-3.1.19\www\projects\belgoMedPol\BelgoMedPol\vendor\laravel\framework\src\Illuminate\Container\BoundMethod.php(29): call_user_func_array(Array, Array)
#12 C:\wamp64-3.1.19\www\projects\belgoMedPol\BelgoMedPol\vendor\laravel\framework\src\Illuminate\Container\BoundMethod.php(87): Illuminate\Container\BoundMethod::Illuminate\Container\{closure}()
#13 C:\wamp64-3.1.19\www\projects\belgoMedPol\BelgoMedPol\vendor\laravel\framework\src\Illuminate\Container\BoundMethod.php(31): Illuminate\Container\BoundMethod::callBoundMethod(Object(Illuminate\Foundation\Application), Array, Object(Closure))
#14 C:\wamp64-3.1.19\www\projects\belgoMedPol\BelgoMedPol\vendor\laravel\framework\src\Illuminate\Container\Container.php(549): Illuminate\Container\BoundMethod::call(Object(Illuminate\Foundation\Application), Array, Array, NULL)
#15 C:\wamp64-3.1.19\www\projects\belgoMedPol\BelgoMedPol\vendor\laravel\framework\src\Illuminate\Console\Command.php(183): Illuminate\Container\Container->call(Array)
#16 C:\wamp64-3.1.19\www\projects\belgoMedPol\BelgoMedPol\vendor\symfony\console\Command\Command.php(255): Illuminate\Console\Command->execute(Object(Symfony\Component\Console\Input\ArgvInput), Object(Illuminate\Console\OutputStyle))
#17 C:\wamp64-3.1.19\www\projects\belgoMedPol\BelgoMedPol\vendor\laravel\framework\src\Illuminate\Console\Command.php(170): Symfony\Component\Console\Command\Command->run(Object(Symfony\Component\Console\Input\ArgvInput), Object(Illuminate\Console\OutputStyle))
#18 C:\wamp64-3.1.19\www\projects\belgoMedPol\BelgoMedPol\vendor\symfony\console\Application.php(969): Illuminate\Console\Command->run(Object(Symfony\Component\Console\Input\ArgvInput), Object(Symfony\Component\Console\Output\ConsoleOutput))
#19 C:\wamp64-3.1.19\www\projects\belgoMedPol\BelgoMedPol\vendor\symfony\console\Application.php(255): Symfony\Component\Console\Application->doRunCommand(Object(Illuminate\Console\Scheduling\ScheduleRunCommand), Object(Symfony\Component\Console\Input\ArgvInput), Object(Symfony\Component\Console\Output\ConsoleOutput))
#20 C:\wamp64-3.1.19\www\projects\belgoMedPol\BelgoMedPol\vendor\symfony\console\Application.php(148): Symfony\Component\Console\Application->doRun(Object(Symfony\Component\Console\Input\ArgvInput), Object(Symfony\Component\Console\Output\ConsoleOutput))
#21 C:\wamp64-3.1.19\www\projects\belgoMedPol\BelgoMedPol\vendor\laravel\framework\src\Illuminate\Console\Application.php(88): Symfony\Component\Console\Application->run(Object(Symfony\Component\Console\Input\ArgvInput), Object(Symfony\Component\Console\Output\ConsoleOutput))
#22 C:\wamp64-3.1.19\www\projects\belgoMedPol\BelgoMedPol\vendor\laravel\framework\src\Illuminate\Foundation\Console\Kernel.php(121): Illuminate\Console\Application->run(Object(Symfony\Component\Console\Input\ArgvInput), Object(Symfony\Component\Console\Output\ConsoleOutput))
#23 C:\wamp64-3.1.19\www\projects\belgoMedPol\BelgoMedPol\artisan(37): Illuminate\Foundation\Console\Kernel->handle(Object(Symfony\Component\Console\Input\ArgvInput), Object(Symfony\Component\Console\Output\ConsoleOutput))
#24 {main}
23-06-2019 13:45:50,Connected successfully
23-06-2019 13:45:50,####BEGIN SCRIPT####
23-06-2019 13:45:50,PDOException: SQLSTATE[42000]: Syntax error or access violation: 1064 You have an error in your SQL syntax; check the manual that corresponds to your MySQL server version for the right syntax to use near ':media, :titre, :description, :date, :lien)' at line 2 in C:\wamp64-3.1.19\www\projects\belgoMedPol\BelgoMedPol\app\Scripts\php\RssScript.php:41
Stack trace:
#0 C:\wamp64-3.1.19\www\projects\belgoMedPol\BelgoMedPol\app\Scripts\php\RssScript.php(41): PDO->query('INSERT INTO art...')
#1 C:\wamp64-3.1.19\www\projects\belgoMedPol\BelgoMedPol\app\Scripts\php\RssScript.php(60): App\Scripts\php\RssScript->db('INSERT INTO art...')
#2 C:\wamp64-3.1.19\www\projects\belgoMedPol\BelgoMedPol\app\Console\Kernel.php(30): App\Scripts\php\RssScript->RssToDB()
#3 [internal function]: App\Console\Kernel->App\Console\{closure}()
#4 C:\wamp64-3.1.19\www\projects\belgoMedPol\BelgoMedPol\vendor\laravel\framework\src\Illuminate\Container\BoundMethod.php(29): call_user_func_array(Object(Closure), Array)
#5 C:\wamp64-3.1.19\www\projects\belgoMedPol\BelgoMedPol\vendor\laravel\framework\src\Illuminate\Container\BoundMethod.php(75): Illuminate\Container\BoundMethod::Illuminate\Container\{closure}()
#6 C:\wamp64-3.1.19\www\projects\belgoMedPol\BelgoMedPol\vendor\laravel\framework\src\Illuminate\Container\BoundMethod.php(31): Illuminate\Container\BoundMethod::callBoundMethod(Object(Illuminate\Foundation\Application), Object(Closure), Object(Closure))
#7 C:\wamp64-3.1.19\www\projects\belgoMedPol\BelgoMedPol\vendor\laravel\framework\src\Illuminate\Container\Container.php(549): Illuminate\Container\BoundMethod::call(Object(Illuminate\Foundation\Application), Object(Closure), Array, NULL)
#8 C:\wamp64-3.1.19\www\projects\belgoMedPol\BelgoMedPol\vendor\laravel\framework\src\Illuminate\Console\Scheduling\CallbackEvent.php(74): Illuminate\Container\Container->call(Object(Closure), Array)
#9 C:\wamp64-3.1.19\www\projects\belgoMedPol\BelgoMedPol\vendor\laravel\framework\src\Illuminate\Console\Scheduling\ScheduleRunCommand.php(59): Illuminate\Console\Scheduling\CallbackEvent->run(Object(Illuminate\Foundation\Application))
#10 [internal function]: Illuminate\Console\Scheduling\ScheduleRunCommand->handle()
#11 C:\wamp64-3.1.19\www\projects\belgoMedPol\BelgoMedPol\vendor\laravel\framework\src\Illuminate\Container\BoundMethod.php(29): call_user_func_array(Array, Array)
#12 C:\wamp64-3.1.19\www\projects\belgoMedPol\BelgoMedPol\vendor\laravel\framework\src\Illuminate\Container\BoundMethod.php(87): Illuminate\Container\BoundMethod::Illuminate\Container\{closure}()
#13 C:\wamp64-3.1.19\www\projects\belgoMedPol\BelgoMedPol\vendor\laravel\framework\src\Illuminate\Container\BoundMethod.php(31): Illuminate\Container\BoundMethod::callBoundMethod(Object(Illuminate\Foundation\Application), Array, Object(Closure))
#14 C:\wamp64-3.1.19\www\projects\belgoMedPol\BelgoMedPol\vendor\laravel\framework\src\Illuminate\Container\Container.php(549): Illuminate\Container\BoundMethod::call(Object(Illuminate\Foundation\Application), Array, Array, NULL)
#15 C:\wamp64-3.1.19\www\projects\belgoMedPol\BelgoMedPol\vendor\laravel\framework\src\Illuminate\Console\Command.php(183): Illuminate\Container\Container->call(Array)
#16 C:\wamp64-3.1.19\www\projects\belgoMedPol\BelgoMedPol\vendor\symfony\console\Command\Command.php(255): Illuminate\Console\Command->execute(Object(Symfony\Component\Console\Input\ArgvInput), Object(Illuminate\Console\OutputStyle))
#17 C:\wamp64-3.1.19\www\projects\belgoMedPol\BelgoMedPol\vendor\laravel\framework\src\Illuminate\Console\Command.php(170): Symfony\Component\Console\Command\Command->run(Object(Symfony\Component\Console\Input\ArgvInput), Object(Illuminate\Console\OutputStyle))
#18 C:\wamp64-3.1.19\www\projects\belgoMedPol\BelgoMedPol\vendor\symfony\console\Application.php(969): Illuminate\Console\Command->run(Object(Symfony\Component\Console\Input\ArgvInput), Object(Symfony\Component\Console\Output\ConsoleOutput))
#19 C:\wamp64-3.1.19\www\projects\belgoMedPol\BelgoMedPol\vendor\symfony\console\Application.php(255): Symfony\Component\Console\Application->doRunCommand(Object(Illuminate\Console\Scheduling\ScheduleRunCommand), Object(Symfony\Component\Console\Input\ArgvInput), Object(Symfony\Component\Console\Output\ConsoleOutput))
#20 C:\wamp64-3.1.19\www\projects\belgoMedPol\BelgoMedPol\vendor\symfony\console\Application.php(148): Symfony\Component\Console\Application->doRun(Object(Symfony\Component\Console\Input\ArgvInput), Object(Symfony\Component\Console\Output\ConsoleOutput))
#21 C:\wamp64-3.1.19\www\projects\belgoMedPol\BelgoMedPol\vendor\laravel\framework\src\Illuminate\Console\Application.php(88): Symfony\Component\Console\Application->run(Object(Symfony\Component\Console\Input\ArgvInput), Object(Symfony\Component\Console\Output\ConsoleOutput))
#22 C:\wamp64-3.1.19\www\projects\belgoMedPol\BelgoMedPol\vendor\laravel\framework\src\Illuminate\Foundation\Console\Kernel.php(121): Illuminate\Console\Application->run(Object(Symfony\Component\Console\Input\ArgvInput), Object(Symfony\Component\Console\Output\ConsoleOutput))
#23 C:\wamp64-3.1.19\www\projects\belgoMedPol\BelgoMedPol\artisan(37): Illuminate\Foundation\Console\Kernel->handle(Object(Symfony\Component\Console\Input\ArgvInput), Object(Symfony\Component\Console\Output\ConsoleOutput))
#24 {main}
23-06-2019 13:46:40,Connected successfully
23-06-2019 13:46:40,####BEGIN SCRIPT####
23-06-2019 13:46:40,PDOException: SQLSTATE[42000]: Syntax error or access violation: 1064 You have an error in your SQL syntax; check the manual that corresponds to your MySQL server version for the right syntax to use near ':media, :titre, :description, :date, :lien)' at line 2 in C:\wamp64-3.1.19\www\projects\belgoMedPol\BelgoMedPol\app\Scripts\php\RssScript.php:41
Stack trace:
#0 C:\wamp64-3.1.19\www\projects\belgoMedPol\BelgoMedPol\app\Scripts\php\RssScript.php(41): PDO->query('INSERT INTO art...')
#1 C:\wamp64-3.1.19\www\projects\belgoMedPol\BelgoMedPol\app\Scripts\php\RssScript.php(60): App\Scripts\php\RssScript->db('INSERT INTO art...')
#2 C:\wamp64-3.1.19\www\projects\belgoMedPol\BelgoMedPol\app\Console\Kernel.php(30): App\Scripts\php\RssScript->RssToDB()
#3 [internal function]: App\Console\Kernel->App\Console\{closure}()
#4 C:\wamp64-3.1.19\www\projects\belgoMedPol\BelgoMedPol\vendor\laravel\framework\src\Illuminate\Container\BoundMethod.php(29): call_user_func_array(Object(Closure), Array)
#5 C:\wamp64-3.1.19\www\projects\belgoMedPol\BelgoMedPol\vendor\laravel\framework\src\Illuminate\Container\BoundMethod.php(75): Illuminate\Container\BoundMethod::Illuminate\Container\{closure}()
#6 C:\wamp64-3.1.19\www\projects\belgoMedPol\BelgoMedPol\vendor\laravel\framework\src\Illuminate\Container\BoundMethod.php(31): Illuminate\Container\BoundMethod::callBoundMethod(Object(Illuminate\Foundation\Application), Object(Closure), Object(Closure))
#7 C:\wamp64-3.1.19\www\projects\belgoMedPol\BelgoMedPol\vendor\laravel\framework\src\Illuminate\Container\Container.php(549): Illuminate\Container\BoundMethod::call(Object(Illuminate\Foundation\Application), Object(Closure), Array, NULL)
#8 C:\wamp64-3.1.19\www\projects\belgoMedPol\BelgoMedPol\vendor\laravel\framework\src\Illuminate\Console\Scheduling\CallbackEvent.php(74): Illuminate\Container\Container->call(Object(Closure), Array)
#9 C:\wamp64-3.1.19\www\projects\belgoMedPol\BelgoMedPol\vendor\laravel\framework\src\Illuminate\Console\Scheduling\ScheduleRunCommand.php(59): Illuminate\Console\Scheduling\CallbackEvent->run(Object(Illuminate\Foundation\Application))
#10 [internal function]: Illuminate\Console\Scheduling\ScheduleRunCommand->handle()
#11 C:\wamp64-3.1.19\www\projects\belgoMedPol\BelgoMedPol\vendor\laravel\framework\src\Illuminate\Container\BoundMethod.php(29): call_user_func_array(Array, Array)
#12 C:\wamp64-3.1.19\www\projects\belgoMedPol\BelgoMedPol\vendor\laravel\framework\src\Illuminate\Container\BoundMethod.php(87): Illuminate\Container\BoundMethod::Illuminate\Container\{closure}()
#13 C:\wamp64-3.1.19\www\projects\belgoMedPol\BelgoMedPol\vendor\laravel\framework\src\Illuminate\Container\BoundMethod.php(31): Illuminate\Container\BoundMethod::callBoundMethod(Object(Illuminate\Foundation\Application), Array, Object(Closure))
#14 C:\wamp64-3.1.19\www\projects\belgoMedPol\BelgoMedPol\vendor\laravel\framework\src\Illuminate\Container\Container.php(549): Illuminate\Container\BoundMethod::call(Object(Illuminate\Foundation\Application), Array, Array, NULL)
#15 C:\wamp64-3.1.19\www\projects\belgoMedPol\BelgoMedPol\vendor\laravel\framework\src\Illuminate\Console\Command.php(183): Illuminate\Container\Container->call(Array)
#16 C:\wamp64-3.1.19\www\projects\belgoMedPol\BelgoMedPol\vendor\symfony\console\Command\Command.php(255): Illuminate\Console\Command->execute(Object(Symfony\Component\Console\Input\ArgvInput), Object(Illuminate\Console\OutputStyle))
#17 C:\wamp64-3.1.19\www\projects\belgoMedPol\BelgoMedPol\vendor\laravel\framework\src\Illuminate\Console\Command.php(170): Symfony\Component\Console\Command\Command->run(Object(Symfony\Component\Console\Input\ArgvInput), Object(Illuminate\Console\OutputStyle))
#18 C:\wamp64-3.1.19\www\projects\belgoMedPol\BelgoMedPol\vendor\symfony\console\Application.php(969): Illuminate\Console\Command->run(Object(Symfony\Component\Console\Input\ArgvInput), Object(Symfony\Component\Console\Output\ConsoleOutput))
#19 C:\wamp64-3.1.19\www\projects\belgoMedPol\BelgoMedPol\vendor\symfony\console\Application.php(255): Symfony\Component\Console\Application->doRunCommand(Object(Illuminate\Console\Scheduling\ScheduleRunCommand), Object(Symfony\Component\Console\Input\ArgvInput), Object(Symfony\Component\Console\Output\ConsoleOutput))
#20 C:\wamp64-3.1.19\www\projects\belgoMedPol\BelgoMedPol\vendor\symfony\console\Application.php(148): Symfony\Component\Console\Application->doRun(Object(Symfony\Component\Console\Input\ArgvInput), Object(Symfony\Component\Console\Output\ConsoleOutput))
#21 C:\wamp64-3.1.19\www\projects\belgoMedPol\BelgoMedPol\vendor\laravel\framework\src\Illuminate\Console\Application.php(88): Symfony\Component\Console\Application->run(Object(Symfony\Component\Console\Input\ArgvInput), Object(Symfony\Component\Console\Output\ConsoleOutput))
#22 C:\wamp64-3.1.19\www\projects\belgoMedPol\BelgoMedPol\vendor\laravel\framework\src\Illuminate\Foundation\Console\Kernel.php(121): Illuminate\Console\Application->run(Object(Symfony\Component\Console\Input\ArgvInput), Object(Symfony\Component\Console\Output\ConsoleOutput))
#23 C:\wamp64-3.1.19\www\projects\belgoMedPol\BelgoMedPol\artisan(37): Illuminate\Foundation\Console\Kernel->handle(Object(Symfony\Component\Console\Input\ArgvInput), Object(Symfony\Component\Console\Output\ConsoleOutput))
#24 {main}
23-06-2019 13:46:54,####BEGIN SCRIPT####
23-06-2019 13:46:54,PDOException: SQLSTATE[42000]: Syntax error or access violation: 1064 You have an error in your SQL syntax; check the manual that corresponds to your MySQL server version for the right syntax to use near ':media, :titre, :description, :date, :lien)' at line 2 in C:\wamp64-3.1.19\www\projects\belgoMedPol\BelgoMedPol\app\Scripts\php\RssScript.php:41
Stack trace:
#0 C:\wamp64-3.1.19\www\projects\belgoMedPol\BelgoMedPol\app\Scripts\php\RssScript.php(41): PDO->query('INSERT INTO art...')
#1 C:\wamp64-3.1.19\www\projects\belgoMedPol\BelgoMedPol\app\Scripts\php\RssScript.php(60): App\Scripts\php\RssScript->db('INSERT INTO art...')
#2 C:\wamp64-3.1.19\www\projects\belgoMedPol\BelgoMedPol\app\Console\Kernel.php(30): App\Scripts\php\RssScript->RssToDB()
#3 [internal function]: App\Console\Kernel->App\Console\{closure}()
#4 C:\wamp64-3.1.19\www\projects\belgoMedPol\BelgoMedPol\vendor\laravel\framework\src\Illuminate\Container\BoundMethod.php(29): call_user_func_array(Object(Closure), Array)
#5 C:\wamp64-3.1.19\www\projects\belgoMedPol\BelgoMedPol\vendor\laravel\framework\src\Illuminate\Container\BoundMethod.php(75): Illuminate\Container\BoundMethod::Illuminate\Container\{closure}()
#6 C:\wamp64-3.1.19\www\projects\belgoMedPol\BelgoMedPol\vendor\laravel\framework\src\Illuminate\Container\BoundMethod.php(31): Illuminate\Container\BoundMethod::callBoundMethod(Object(Illuminate\Foundation\Application), Object(Closure), Object(Closure))
#7 C:\wamp64-3.1.19\www\projects\belgoMedPol\BelgoMedPol\vendor\laravel\framework\src\Illuminate\Container\Container.php(549): Illuminate\Container\BoundMethod::call(Object(Illuminate\Foundation\Application), Object(Closure), Array, NULL)
#8 C:\wamp64-3.1.19\www\projects\belgoMedPol\BelgoMedPol\vendor\laravel\framework\src\Illuminate\Console\Scheduling\CallbackEvent.php(74): Illuminate\Container\Container->call(Object(Closure), Array)
#9 C:\wamp64-3.1.19\www\projects\belgoMedPol\BelgoMedPol\vendor\laravel\framework\src\Illuminate\Console\Scheduling\ScheduleRunCommand.php(59): Illuminate\Console\Scheduling\CallbackEvent->run(Object(Illuminate\Foundation\Application))
#10 [internal function]: Illuminate\Console\Scheduling\ScheduleRunCommand->handle()
#11 C:\wamp64-3.1.19\www\projects\belgoMedPol\BelgoMedPol\vendor\laravel\framework\src\Illuminate\Container\BoundMethod.php(29): call_user_func_array(Array, Array)
#12 C:\wamp64-3.1.19\www\projects\belgoMedPol\BelgoMedPol\vendor\laravel\framework\src\Illuminate\Container\BoundMethod.php(87): Illuminate\Container\BoundMethod::Illuminate\Container\{closure}()
#13 C:\wamp64-3.1.19\www\projects\belgoMedPol\BelgoMedPol\vendor\laravel\framework\src\Illuminate\Container\BoundMethod.php(31): Illuminate\Container\BoundMethod::callBoundMethod(Object(Illuminate\Foundation\Application), Array, Object(Closure))
#14 C:\wamp64-3.1.19\www\projects\belgoMedPol\BelgoMedPol\vendor\laravel\framework\src\Illuminate\Container\Container.php(549): Illuminate\Container\BoundMethod::call(Object(Illuminate\Foundation\Application), Array, Array, NULL)
#15 C:\wamp64-3.1.19\www\projects\belgoMedPol\BelgoMedPol\vendor\laravel\framework\src\Illuminate\Console\Command.php(183): Illuminate\Container\Container->call(Array)
#16 C:\wamp64-3.1.19\www\projects\belgoMedPol\BelgoMedPol\vendor\symfony\console\Command\Command.php(255): Illuminate\Console\Command->execute(Object(Symfony\Component\Console\Input\ArgvInput), Object(Illuminate\Console\OutputStyle))
#17 C:\wamp64-3.1.19\www\projects\belgoMedPol\BelgoMedPol\vendor\laravel\framework\src\Illuminate\Console\Command.php(170): Symfony\Component\Console\Command\Command->run(Object(Symfony\Component\Console\Input\ArgvInput), Object(Illuminate\Console\OutputStyle))
#18 C:\wamp64-3.1.19\www\projects\belgoMedPol\BelgoMedPol\vendor\symfony\console\Application.php(969): Illuminate\Console\Command->run(Object(Symfony\Component\Console\Input\ArgvInput), Object(Symfony\Component\Console\Output\ConsoleOutput))
#19 C:\wamp64-3.1.19\www\projects\belgoMedPol\BelgoMedPol\vendor\symfony\console\Application.php(255): Symfony\Component\Console\Application->doRunCommand(Object(Illuminate\Console\Scheduling\ScheduleRunCommand), Object(Symfony\Component\Console\Input\ArgvInput), Object(Symfony\Component\Console\Output\ConsoleOutput))
#20 C:\wamp64-3.1.19\www\projects\belgoMedPol\BelgoMedPol\vendor\symfony\console\Application.php(148): Symfony\Component\Console\Application->doRun(Object(Symfony\Component\Console\Input\ArgvInput), Object(Symfony\Component\Console\Output\ConsoleOutput))
#21 C:\wamp64-3.1.19\www\projects\belgoMedPol\BelgoMedPol\vendor\laravel\framework\src\Illuminate\Console\Application.php(88): Symfony\Component\Console\Application->run(Object(Symfony\Component\Console\Input\ArgvInput), Object(Symfony\Component\Console\Output\ConsoleOutput))
#22 C:\wamp64-3.1.19\www\projects\belgoMedPol\BelgoMedPol\vendor\laravel\framework\src\Illuminate\Foundation\Console\Kernel.php(121): Illuminate\Console\Application->run(Object(Symfony\Component\Console\Input\ArgvInput), Object(Symfony\Component\Console\Output\ConsoleOutput))
#23 C:\wamp64-3.1.19\www\projects\belgoMedPol\BelgoMedPol\artisan(37): Illuminate\Foundation\Console\Kernel->handle(Object(Symfony\Component\Console\Input\ArgvInput), Object(Symfony\Component\Console\Output\ConsoleOutput))
#24 {main}
23-06-2019 13:48:02,####BEGIN SCRIPT####
23-06-2019 13:48:02,PDOException: SQLSTATE[42000]: Syntax error or access violation: 1064 You have an error in your SQL syntax; check the manual that corresponds to your MySQL server version for the right syntax to use near ':media, :titre, :description, :date, :lien)' at line 2 in C:\wamp64-3.1.19\www\projects\belgoMedPol\BelgoMedPol\app\Scripts\php\RssScript.php:41
Stack trace:
#0 C:\wamp64-3.1.19\www\projects\belgoMedPol\BelgoMedPol\app\Scripts\php\RssScript.php(41): PDO->query('INSERT INTO art...')
#1 C:\wamp64-3.1.19\www\projects\belgoMedPol\BelgoMedPol\app\Scripts\php\RssScript.php(60): App\Scripts\php\RssScript->db('INSERT INTO art...')
#2 C:\wamp64-3.1.19\www\projects\belgoMedPol\BelgoMedPol\app\Console\Kernel.php(30): App\Scripts\php\RssScript->RssToDB()
#3 [internal function]: App\Console\Kernel->App\Console\{closure}()
#4 C:\wamp64-3.1.19\www\projects\belgoMedPol\BelgoMedPol\vendor\laravel\framework\src\Illuminate\Container\BoundMethod.php(29): call_user_func_array(Object(Closure), Array)
#5 C:\wamp64-3.1.19\www\projects\belgoMedPol\BelgoMedPol\vendor\laravel\framework\src\Illuminate\Container\BoundMethod.php(75): Illuminate\Container\BoundMethod::Illuminate\Container\{closure}()
#6 C:\wamp64-3.1.19\www\projects\belgoMedPol\BelgoMedPol\vendor\laravel\framework\src\Illuminate\Container\BoundMethod.php(31): Illuminate\Container\BoundMethod::callBoundMethod(Object(Illuminate\Foundation\Application), Object(Closure), Object(Closure))
#7 C:\wamp64-3.1.19\www\projects\belgoMedPol\BelgoMedPol\vendor\laravel\framework\src\Illuminate\Container\Container.php(549): Illuminate\Container\BoundMethod::call(Object(Illuminate\Foundation\Application), Object(Closure), Array, NULL)
#8 C:\wamp64-3.1.19\www\projects\belgoMedPol\BelgoMedPol\vendor\laravel\framework\src\Illuminate\Console\Scheduling\CallbackEvent.php(74): Illuminate\Container\Container->call(Object(Closure), Array)
#9 C:\wamp64-3.1.19\www\projects\belgoMedPol\BelgoMedPol\vendor\laravel\framework\src\Illuminate\Console\Scheduling\ScheduleRunCommand.php(59): Illuminate\Console\Scheduling\CallbackEvent->run(Object(Illuminate\Foundation\Application))
#10 [internal function]: Illuminate\Console\Scheduling\ScheduleRunCommand->handle()
#11 C:\wamp64-3.1.19\www\projects\belgoMedPol\BelgoMedPol\vendor\laravel\framework\src\Illuminate\Container\BoundMethod.php(29): call_user_func_array(Array, Array)
#12 C:\wamp64-3.1.19\www\projects\belgoMedPol\BelgoMedPol\vendor\laravel\framework\src\Illuminate\Container\BoundMethod.php(87): Illuminate\Container\BoundMethod::Illuminate\Container\{closure}()
#13 C:\wamp64-3.1.19\www\projects\belgoMedPol\BelgoMedPol\vendor\laravel\framework\src\Illuminate\Container\BoundMethod.php(31): Illuminate\Container\BoundMethod::callBoundMethod(Object(Illuminate\Foundation\Application), Array, Object(Closure))
#14 C:\wamp64-3.1.19\www\projects\belgoMedPol\BelgoMedPol\vendor\laravel\framework\src\Illuminate\Container\Container.php(549): Illuminate\Container\BoundMethod::call(Object(Illuminate\Foundation\Application), Array, Array, NULL)
#15 C:\wamp64-3.1.19\www\projects\belgoMedPol\BelgoMedPol\vendor\laravel\framework\src\Illuminate\Console\Command.php(183): Illuminate\Container\Container->call(Array)
#16 C:\wamp64-3.1.19\www\projects\belgoMedPol\BelgoMedPol\vendor\symfony\console\Command\Command.php(255): Illuminate\Console\Command->execute(Object(Symfony\Component\Console\Input\ArgvInput), Object(Illuminate\Console\OutputStyle))
#17 C:\wamp64-3.1.19\www\projects\belgoMedPol\BelgoMedPol\vendor\laravel\framework\src\Illuminate\Console\Command.php(170): Symfony\Component\Console\Command\Command->run(Object(Symfony\Component\Console\Input\ArgvInput), Object(Illuminate\Console\OutputStyle))
#18 C:\wamp64-3.1.19\www\projects\belgoMedPol\BelgoMedPol\vendor\symfony\console\Application.php(969): Illuminate\Console\Command->run(Object(Symfony\Component\Console\Input\ArgvInput), Object(Symfony\Component\Console\Output\ConsoleOutput))
#19 C:\wamp64-3.1.19\www\projects\belgoMedPol\BelgoMedPol\vendor\symfony\console\Application.php(255): Symfony\Component\Console\Application->doRunCommand(Object(Illuminate\Console\Scheduling\ScheduleRunCommand), Object(Symfony\Component\Console\Input\ArgvInput), Object(Symfony\Component\Console\Output\ConsoleOutput))
#20 C:\wamp64-3.1.19\www\projects\belgoMedPol\BelgoMedPol\vendor\symfony\console\Application.php(148): Symfony\Component\Console\Application->doRun(Object(Symfony\Component\Console\Input\ArgvInput), Object(Symfony\Component\Console\Output\ConsoleOutput))
#21 C:\wamp64-3.1.19\www\projects\belgoMedPol\BelgoMedPol\vendor\laravel\framework\src\Illuminate\Console\Application.php(88): Symfony\Component\Console\Application->run(Object(Symfony\Component\Console\Input\ArgvInput), Object(Symfony\Component\Console\Output\ConsoleOutput))
#22 C:\wamp64-3.1.19\www\projects\belgoMedPol\BelgoMedPol\vendor\laravel\framework\src\Illuminate\Foundation\Console\Kernel.php(121): Illuminate\Console\Application->run(Object(Symfony\Component\Console\Input\ArgvInput), Object(Symfony\Component\Console\Output\ConsoleOutput))
#23 C:\wamp64-3.1.19\www\projects\belgoMedPol\BelgoMedPol\artisan(37): Illuminate\Foundation\Console\Kernel->handle(Object(Symfony\Component\Console\Input\ArgvInput), Object(Symfony\Component\Console\Output\ConsoleOutput))
#24 {main}
23-06-2019 13:49:21,####BEGIN SCRIPT####
23-06-2019 13:49:21,PDOException: SQLSTATE[42000]: Syntax error or access violation: 1064 You have an error in your SQL syntax; check the manual that corresponds to your MySQL server version for the right syntax to use near ':media, :titre, :description, :date, :lien)' at line 2 in C:\wamp64-3.1.19\www\projects\belgoMedPol\BelgoMedPol\app\Scripts\php\RssScript.php:41
Stack trace:
#0 C:\wamp64-3.1.19\www\projects\belgoMedPol\BelgoMedPol\app\Scripts\php\RssScript.php(41): PDO->query('INSERT INTO art...')
#1 C:\wamp64-3.1.19\www\projects\belgoMedPol\BelgoMedPol\app\Scripts\php\RssScript.php(61): App\Scripts\php\RssScript->db('INSERT INTO art...')
#2 C:\wamp64-3.1.19\www\projects\belgoMedPol\BelgoMedPol\app\Console\Kernel.php(30): App\Scripts\php\RssScript->RssToDB()
#3 [internal function]: App\Console\Kernel->App\Console\{closure}()
#4 C:\wamp64-3.1.19\www\projects\belgoMedPol\BelgoMedPol\vendor\laravel\framework\src\Illuminate\Container\BoundMethod.php(29): call_user_func_array(Object(Closure), Array)
#5 C:\wamp64-3.1.19\www\projects\belgoMedPol\BelgoMedPol\vendor\laravel\framework\src\Illuminate\Container\BoundMethod.php(75): Illuminate\Container\BoundMethod::Illuminate\Container\{closure}()
#6 C:\wamp64-3.1.19\www\projects\belgoMedPol\BelgoMedPol\vendor\laravel\framework\src\Illuminate\Container\BoundMethod.php(31): Illuminate\Container\BoundMethod::callBoundMethod(Object(Illuminate\Foundation\Application), Object(Closure), Object(Closure))
#7 C:\wamp64-3.1.19\www\projects\belgoMedPol\BelgoMedPol\vendor\laravel\framework\src\Illuminate\Container\Container.php(549): Illuminate\Container\BoundMethod::call(Object(Illuminate\Foundation\Application), Object(Closure), Array, NULL)
#8 C:\wamp64-3.1.19\www\projects\belgoMedPol\BelgoMedPol\vendor\laravel\framework\src\Illuminate\Console\Scheduling\CallbackEvent.php(74): Illuminate\Container\Container->call(Object(Closure), Array)
#9 C:\wamp64-3.1.19\www\projects\belgoMedPol\BelgoMedPol\vendor\laravel\framework\src\Illuminate\Console\Scheduling\ScheduleRunCommand.php(59): Illuminate\Console\Scheduling\CallbackEvent->run(Object(Illuminate\Foundation\Application))
#10 [internal function]: Illuminate\Console\Scheduling\ScheduleRunCommand->handle()
#11 C:\wamp64-3.1.19\www\projects\belgoMedPol\BelgoMedPol\vendor\laravel\framework\src\Illuminate\Container\BoundMethod.php(29): call_user_func_array(Array, Array)
#12 C:\wamp64-3.1.19\www\projects\belgoMedPol\BelgoMedPol\vendor\laravel\framework\src\Illuminate\Container\BoundMethod.php(87): Illuminate\Container\BoundMethod::Illuminate\Container\{closure}()
#13 C:\wamp64-3.1.19\www\projects\belgoMedPol\BelgoMedPol\vendor\laravel\framework\src\Illuminate\Container\BoundMethod.php(31): Illuminate\Container\BoundMethod::callBoundMethod(Object(Illuminate\Foundation\Application), Array, Object(Closure))
#14 C:\wamp64-3.1.19\www\projects\belgoMedPol\BelgoMedPol\vendor\laravel\framework\src\Illuminate\Container\Container.php(549): Illuminate\Container\BoundMethod::call(Object(Illuminate\Foundation\Application), Array, Array, NULL)
#15 C:\wamp64-3.1.19\www\projects\belgoMedPol\BelgoMedPol\vendor\laravel\framework\src\Illuminate\Console\Command.php(183): Illuminate\Container\Container->call(Array)
#16 C:\wamp64-3.1.19\www\projects\belgoMedPol\BelgoMedPol\vendor\symfony\console\Command\Command.php(255): Illuminate\Console\Command->execute(Object(Symfony\Component\Console\Input\ArgvInput), Object(Illuminate\Console\OutputStyle))
#17 C:\wamp64-3.1.19\www\projects\belgoMedPol\BelgoMedPol\vendor\laravel\framework\src\Illuminate\Console\Command.php(170): Symfony\Component\Console\Command\Command->run(Object(Symfony\Component\Console\Input\ArgvInput), Object(Illuminate\Console\OutputStyle))
#18 C:\wamp64-3.1.19\www\projects\belgoMedPol\BelgoMedPol\vendor\symfony\console\Application.php(969): Illuminate\Console\Command->run(Object(Symfony\Component\Console\Input\ArgvInput), Object(Symfony\Component\Console\Output\ConsoleOutput))
#19 C:\wamp64-3.1.19\www\projects\belgoMedPol\BelgoMedPol\vendor\symfony\console\Application.php(255): Symfony\Component\Console\Application->doRunCommand(Object(Illuminate\Console\Scheduling\ScheduleRunCommand), Object(Symfony\Component\Console\Input\ArgvInput), Object(Symfony\Component\Console\Output\ConsoleOutput))
#20 C:\wamp64-3.1.19\www\projects\belgoMedPol\BelgoMedPol\vendor\symfony\console\Application.php(148): Symfony\Component\Console\Application->doRun(Object(Symfony\Component\Console\Input\ArgvInput), Object(Symfony\Component\Console\Output\ConsoleOutput))
#21 C:\wamp64-3.1.19\www\projects\belgoMedPol\BelgoMedPol\vendor\laravel\framework\src\Illuminate\Console\Application.php(88): Symfony\Component\Console\Application->run(Object(Symfony\Component\Console\Input\ArgvInput), Object(Symfony\Component\Console\Output\ConsoleOutput))
#22 C:\wamp64-3.1.19\www\projects\belgoMedPol\BelgoMedPol\vendor\laravel\framework\src\Illuminate\Foundation\Console\Kernel.php(121): Illuminate\Console\Application->run(Object(Symfony\Component\Console\Input\ArgvInput), Object(Symfony\Component\Console\Output\ConsoleOutput))
#23 C:\wamp64-3.1.19\www\projects\belgoMedPol\BelgoMedPol\artisan(37): Illuminate\Foundation\Console\Kernel->handle(Object(Symfony\Component\Console\Input\ArgvInput), Object(Symfony\Component\Console\Output\ConsoleOutput))
#24 {main}
